Build started 5/11/2016 10:34:31 PM.
     1>Project "E:\GaryFowler_Program3Starcraft\GaryFowler_Program3Starcraft\GaryFowler_Program3Starcraft.vcxproj" on node 2 (Build target(s)).
     1>ClCompile:
         C:\Program Files (x86)\Microsoft Visual Studio 14.0\VC\bin\CL.exe /c /ZI /nologo /W3 /WX- /sdl /Od /Oy- /D WIN32 /D _DEBUG /D _CONSOLE /D _UNICODE /D UNICODE /Gm /EHsc /RTC1 /MDd /GS /fp:precise /Zc:wchar_t /Zc:forScope /Zc:inline /Yu"stdafx.h" /Fp"Debug\GaryFowler_Program3Starcraft.pch" /Fo"Debug\\" /Fd"Debug\vc140.pdb" /Gd /TP /analyze- /errorReport:prompt Firebat.cpp Infantry.cpp
         Infantry.cpp
         Firebat.cpp
         Generating Code...
       Link:
         C:\Program Files (x86)\Microsoft Visual Studio 14.0\VC\bin\link.exe /ERRORREPORT:PROMPT /OUT:"E:\GaryFowler_Program3Starcraft\Debug\GaryFowler_Program3Starcraft.exe" /INCREMENTAL /NOLOGO kernel32.lib user32.lib gdi32.lib winspool.lib comdlg32.lib advapi32.lib shell32.lib ole32.lib oleaut32.lib uuid.lib odbc32.lib odbccp32.lib /MANIFEST /MANIFESTUAC:"level='asInvoker' uiAccess='false'" /manifest:embed /Debug /PDB:"E:\GaryFowler_Program3Starcraft\Debug\GaryFowler_Program3Starcraft.pdb" /SUBSYSTEM:CONSOLE /TLBID:1 /DYNAMICBASE /NXCOMPAT /IMPLIB:"E:\GaryFowler_Program3Starcraft\Debug\GaryFowler_Program3Starcraft.lib" /MACHINE:X86 Debug\Firebat.obj
         Debug\GaryFowler_Program3Starcraft.obj
         Debug\Ghost.obj
         Debug\Infantry.obj
         Debug\Marine.obj
         Debug\Medic.obj
         Debug\stdafx.obj
         Debug\SuperSoldier.obj
         GaryFowler_Program3Starcraft.vcxproj -> E:\GaryFowler_Program3Starcraft\Debug\GaryFowler_Program3Starcraft.exe
     1>Done Building Project "E:\GaryFowler_Program3Starcraft\GaryFowler_Program3Starcraft\GaryFowler_Program3Starcraft.vcxproj" (Build target(s)).

Build succeeded.

Time Elapsed 00:00:33.84
